/*C8*/SET SCHEMA PUBLIC
INSERT INTO ALUNO VALUES('6987d767-4dff-4280-b1d8-9bbe0f08304e',NULL,0,'voc\u00ea n\u00e3o sabe e nem eu',0,'2021-04-29 14:55:46.114000','Irineu',0.0E0,'superabundes.com','9534-53462')
INSERT INTO ALUNO VALUES('f7da7f2c-fd6c-4737-985b-1f2265204fe6',NULL,0,'Claudinei',0,'2021-04-29 14:55:46.200000','Joao Cleber',0.0E0,'animerecommendation.to','8889-35436')
INSERT INTO ALUNO VALUES('8d3054e1-cec4-4d70-a902-9b3f744e7890',NULL,0,'rua astounding 123',0,'2021-04-29 14:55:46.218000','Marco',0.0E0,'intoxicando-me.com','4325-65443')
COMMIT
/*C10*/SET SCHEMA PUBLIC
DELETE FROM ALUNO WHERE ID='9096d925-ab7f-4698-8371-0608388c0d81'
INSERT INTO ALUNO VALUES('9096d925-ab7f-4698-8371-0608388c0d81',NULL,1,'av paulista',0,'2021-04-29 14:55:46.128000','Marcos',0.0E0,'aluno.com','999-9999')
COMMIT
/*C9*/SET SCHEMA PUBLIC
DELETE FROM ALUNO WHERE ID='37457e0b-0dfa-4ee3-b117-5c2d4f213064'
INSERT INTO ALUNO VALUES('37457e0b-0dfa-4ee3-b117-5c2d4f213064',NULL,1,'nunez',0,'2021-04-29 14:55:46.128000','Antonio',0.0E0,'Laura','9999-99999')
COMMIT
/*C11*/SET SCHEMA PUBLIC
DELETE FROM ALUNO WHERE ID='43bfc5ba-5b98-4ac7-ba20-0885112cfae8'
INSERT INTO ALUNO VALUES('43bfc5ba-5b98-4ac7-ba20-0885112cfae8',NULL,1,'avenida paulistana',0,'2021-04-29 14:55:46.128000','Juninho',0.0E0,'Laurinha.com','8888-99999')
COMMIT
/*C10*/DELETE FROM ALUNO WHERE ID='448260bc-070d-49fa-ab47-bd079d3a3860'
INSERT INTO ALUNO VALUES('448260bc-070d-49fa-ab47-bd079d3a3860',NULL,1,'ts',0,'2021-04-29 14:55:46.416000','teste',0.0E0,'few','999')
COMMIT
